CREATE USER SA PASSWORD "" ADMIN
/*C1*/SET SCHEMA PUBLIC
CONNECT USER SA
create table AuthSecurityRole (id integer generated by default as identity (start with 1), roleName varchar(255), primary key (id))
create table AuthUser (id integer generated by default as identity (start with 1), email varchar(255), isActive bit, password varchar(255), username varchar(255), primary key (id), unique (username))
create table AuthUser_AuthSecurityRole (AuthUser_id integer not null, roles_id integer not null)
alter table AuthUser_AuthSecurityRole add constraint FKA97E96CA3FF1C26A foreign key (roles_id) references AuthSecurityRole
alter table AuthUser_AuthSecurityRole add constraint FKA97E96CA71D65EE9 foreign key (AuthUser_id) references AuthUser
DISCONNECT
/*C5*/SET SCHEMA PUBLIC
CONNECT USER SA
INSERT INTO AuthSecurityRole VALUES(1,'ROLE_USER')
INSERT INTO AuthSecurityRole VALUES(2,'ROLE_ADMIN')
INSERT INTO AuthUser_AuthSecurityRole VALUES(1,1)
INSERT INTO AuthUser_AuthSecurityRole VALUES(2,1)
INSERT INTO AuthUser_AuthSecurityRole VALUES(3,2)
INSERT INTO AuthUser VALUES(1,'user@mydlp.com', 'true', 'a94a8fe5ccb19ba61c4c0873d391e987982fbbd3', 'user')
INSERT INTO AuthUser VALUES(2,'user2@mydlp.com', 'true', 'a94a8fe5ccb19ba61c4c0873d391e987982fbbd3', 'user2')
INSERT INTO AuthUser VALUES(3,'admin@mydlp.com', 'true', 'a94a8fe5ccb19ba61c4c0873d391e987982fbbd3', 'admin')
DISCONNECT
/*C2*/SET SCHEMA PUBLIC
CONNECT USER SA
DISCONNECT
